2022-05-20 12:05:737 INFO  ManageDriver :32 - Launching Chrome Browser
2022-05-20 12:05:677 INFO  HomePage :32 - Clicking on Buy+Sell tab [[ChromeDriver: chrome on WINDOWS (d6da6e0e478e4486e9fd727fc055bf38)] -> xpath: //a[contains(text(),'buy + sell')]]
2022-05-20 12:05:747 INFO  HomePage :36 - Clicking on SearchCars link[[ChromeDriver: chrome on WINDOWS (d6da6e0e478e4486e9fd727fc055bf38)] -> xpath: //a[contains(text(),'Search Cars')]]
2022-05-20 12:05:247 INFO  NewAndUsedCarSearchPage :45 - Verifying New Page Message [[ChromeDriver: chrome on WINDOWS (d6da6e0e478e4486e9fd727fc055bf38)] -> xpath: //div[@class='heading main-heading item-ad-wrapper ']/h1]
2022-05-20 12:05:327 INFO  NewAndUsedCarSearchPage :51 - Selecting choice of car make [[ChromeDriver: chrome on WINDOWS (d6da6e0e478e4486e9fd727fc055bf38)] -> xpath: //select[@id='makes']]
2022-05-20 12:05:442 INFO  NewAndUsedCarSearchPage :57 - Selecting Model Of Car [[ChromeDriver: chrome on WINDOWS (d6da6e0e478e4486e9fd727fc055bf38)] -> xpath: //select[@id='models']]
2022-05-20 12:05:507 INFO  NewAndUsedCarSearchPage :62 - Selecting Location Of Car [[ChromeDriver: chrome on WINDOWS (d6da6e0e478e4486e9fd727fc055bf38)] -> xpath: //select[@id='locations']]
2022-05-20 12:05:566 INFO  NewAndUsedCarSearchPage :68 - Selecting Price Of Car [[ChromeDriver: chrome on WINDOWS (d6da6e0e478e4486e9fd727fc055bf38)] -> xpath: //select[@id='priceTo']]
2022-05-20 12:05:880 INFO  NewAndUsedCarSearchPage :74 - Checking If Searched Criteria Matches[[ChromeDriver: chrome on WINDOWS (d6da6e0e478e4486e9fd727fc055bf38)] -> id: search-submit]
2022-05-20 12:05:571 INFO  ManageDriver :32 - Launching Chrome Browser
2022-05-20 12:05:760 INFO  HomePage :32 - Clicking on Buy+Sell tab [[ChromeDriver: chrome on WINDOWS (766f01ef46b264ef6997d18b045d6696)] -> xpath: //a[contains(text(),'buy + sell')]]
2022-05-20 12:05:821 INFO  HomePage :36 - Clicking on SearchCars link[[ChromeDriver: chrome on WINDOWS (766f01ef46b264ef6997d18b045d6696)] -> xpath: //a[contains(text(),'Search Cars')]]
2022-05-20 12:05:937 INFO  NewAndUsedCarSearchPage :45 - Verifying New Page Message [[ChromeDriver: chrome on WINDOWS (766f01ef46b264ef6997d18b045d6696)] -> xpath: //div[@class='heading main-heading item-ad-wrapper ']/h1]
2022-05-20 12:05:96 INFO  NewAndUsedCarSearchPage :51 - Selecting choice of car make [[ChromeDriver: chrome on WINDOWS (766f01ef46b264ef6997d18b045d6696)] -> xpath: //select[@id='makes']]
2022-05-20 12:05:26 INFO  ManageDriver :32 - Launching Chrome Browser
2022-05-20 12:05:419 INFO  HomePage :32 - Clicking on Buy+Sell tab [[ChromeDriver: chrome on WINDOWS (d4c2bb9d704672a0d19335b3fca71fc6)] -> xpath: //a[contains(text(),'buy + sell')]]
2022-05-20 12:05:487 INFO  HomePage :36 - Clicking on SearchCars link[[ChromeDriver: chrome on WINDOWS (d4c2bb9d704672a0d19335b3fca71fc6)] -> xpath: //a[contains(text(),'Search Cars')]]
2022-05-20 12:05:908 INFO  NewAndUsedCarSearchPage :45 - Verifying New Page Message [[ChromeDriver: chrome on WINDOWS (d4c2bb9d704672a0d19335b3fca71fc6)] -> xpath: //div[@class='heading main-heading item-ad-wrapper ']/h1]
2022-05-20 12:05:17 INFO  NewAndUsedCarSearchPage :51 - Selecting choice of car make [[ChromeDriver: chrome on WINDOWS (d4c2bb9d704672a0d19335b3fca71fc6)] -> xpath: //select[@id='makes']]
2022-05-20 12:05:928 INFO  ManageDriver :32 - Launching Chrome Browser
2022-05-20 12:05:776 INFO  HomePage :32 - Clicking on Buy+Sell tab [[ChromeDriver: chrome on WINDOWS (c06d3974e9547a81f2bb98930c3eafc6)] -> xpath: //a[contains(text(),'buy + sell')]]
2022-05-20 12:05:17 INFO  HomePage :36 - Clicking on SearchCars link[[ChromeDriver: chrome on WINDOWS (c06d3974e9547a81f2bb98930c3eafc6)] -> xpath: //a[contains(text(),'Search Cars')]]
2022-05-20 12:05:248 INFO  NewAndUsedCarSearchPage :45 - Verifying New Page Message [[ChromeDriver: chrome on WINDOWS (c06d3974e9547a81f2bb98930c3eafc6)] -> xpath: //div[@class='heading main-heading item-ad-wrapper ']/h1]
2022-05-20 12:05:383 INFO  NewAndUsedCarSearchPage :51 - Selecting choice of car make [[ChromeDriver: chrome on WINDOWS (c06d3974e9547a81f2bb98930c3eafc6)] -> xpath: //select[@id='makes']]
2022-05-20 12:05:334 INFO  ManageDriver :32 - Launching Chrome Browser
2022-05-20 12:05:320 INFO  HomePage :32 - Clicking on Buy+Sell tab [[ChromeDriver: chrome on WINDOWS (3f2fd462a629172c41da12779598e197)] -> xpath: //a[contains(text(),'buy + sell')]]
2022-05-20 12:05:383 INFO  HomePage :36 - Clicking on SearchCars link[[ChromeDriver: chrome on WINDOWS (3f2fd462a629172c41da12779598e197)] -> xpath: //a[contains(text(),'Search Cars')]]
2022-05-20 12:05:631 INFO  NewAndUsedCarSearchPage :45 - Verifying New Page Message [[ChromeDriver: chrome on WINDOWS (3f2fd462a629172c41da12779598e197)] -> xpath: //div[@class='heading main-heading item-ad-wrapper ']/h1]
2022-05-20 12:05:725 INFO  NewAndUsedCarSearchPage :51 - Selecting choice of car make [[ChromeDriver: chrome on WINDOWS (3f2fd462a629172c41da12779598e197)] -> xpath: //select[@id='makes']]
2022-05-20 12:05:838 INFO  NewAndUsedCarSearchPage :57 - Selecting Model Of Car [[ChromeDriver: chrome on WINDOWS (3f2fd462a629172c41da12779598e197)] -> xpath: //select[@id='models']]
2022-05-20 12:05:890 INFO  NewAndUsedCarSearchPage :62 - Selecting Location Of Car [[ChromeDriver: chrome on WINDOWS (3f2fd462a629172c41da12779598e197)] -> xpath: //select[@id='locations']]
2022-05-20 12:05:936 INFO  NewAndUsedCarSearchPage :68 - Selecting Price Of Car [[ChromeDriver: chrome on WINDOWS (3f2fd462a629172c41da12779598e197)] -> xpath: //select[@id='priceTo']]
2022-05-20 12:05:558 INFO  NewAndUsedCarSearchPage :74 - Checking If Searched Criteria Matches[[ChromeDriver: chrome on WINDOWS (3f2fd462a629172c41da12779598e197)] -> id: search-submit]
2022-05-20 12:05:206 INFO  ManageDriver :32 - Launching Chrome Browser
2022-05-20 12:05:573 INFO  HomePage :32 - Clicking on Buy+Sell tab [[ChromeDriver: chrome on WINDOWS (4d4dd4fc2b3a743a004adb2d6f1e2efe)] -> xpath: //a[contains(text(),'buy + sell')]]
2022-05-20 12:05:638 INFO  HomePage :36 - Clicking on SearchCars link[[ChromeDriver: chrome on WINDOWS (4d4dd4fc2b3a743a004adb2d6f1e2efe)] -> xpath: //a[contains(text(),'Search Cars')]]
2022-05-20 12:05:198 INFO  NewAndUsedCarSearchPage :45 - Verifying New Page Message [[ChromeDriver: chrome on WINDOWS (4d4dd4fc2b3a743a004adb2d6f1e2efe)] -> xpath: //div[@class='heading main-heading item-ad-wrapper ']/h1]
2022-05-20 12:05:93 INFO  NewAndUsedCarSearchPage :51 - Selecting choice of car make [[ChromeDriver: chrome on WINDOWS (4d4dd4fc2b3a743a004adb2d6f1e2efe)] -> xpath: //select[@id='makes']]
2022-05-20 12:05:28 INFO  ManageDriver :32 - Launching Chrome Browser
2022-05-20 12:05:886 INFO  HomePage :32 - Clicking on Buy+Sell tab [[ChromeDriver: chrome on WINDOWS (8c1c72c97637a8f3fd21a4ad5b399c73)] -> xpath: //a[contains(text(),'buy + sell')]]
2022-05-20 12:05:959 INFO  HomePage :40 - Clicking On Used Link[[ChromeDriver: chrome on WINDOWS (8c1c72c97637a8f3fd21a4ad5b399c73)] -> link text: Used]
2022-05-20 12:05:607 INFO  UsedCarsForSalePage :46 - Selecting choice of car make [[ChromeDriver: chrome on WINDOWS (8c1c72c97637a8f3fd21a4ad5b399c73)] -> xpath: //select[@id='makes']]
2022-05-20 12:05:724 INFO  UsedCarsForSalePage :51 - Selecting Model Of Car [[ChromeDriver: chrome on WINDOWS (8c1c72c97637a8f3fd21a4ad5b399c73)] -> xpath: //select[@id='models']]
2022-05-20 12:05:779 INFO  UsedCarsForSalePage :56 - Selecting Location Of Car [[ChromeDriver: chrome on WINDOWS (8c1c72c97637a8f3fd21a4ad5b399c73)] -> xpath: //select[@id='locations']]
2022-05-20 12:05:830 INFO  UsedCarsForSalePage :61 - Selecting Price Of Car [[ChromeDriver: chrome on WINDOWS (8c1c72c97637a8f3fd21a4ad5b399c73)] -> xpath: //select[@id='priceTo']]
2022-05-20 12:05:604 INFO  UsedCarsForSalePage :66 - Checking If Searched Criteria Matches[[ChromeDriver: chrome on WINDOWS (8c1c72c97637a8f3fd21a4ad5b399c73)] -> id: search-submit]
2022-05-20 12:05:250 INFO  ManageDriver :32 - Launching Chrome Browser
2022-05-20 12:05:348 INFO  HomePage :32 - Clicking on Buy+Sell tab [[ChromeDriver: chrome on WINDOWS (56732cc102e31c56a9eef9370b4cb9d8)] -> xpath: //a[contains(text(),'buy + sell')]]
2022-05-20 12:05:892 INFO  HomePage :40 - Clicking On Used Link[[ChromeDriver: chrome on WINDOWS (56732cc102e31c56a9eef9370b4cb9d8)] -> link text: Used]
2022-05-20 12:05:65 INFO  UsedCarsForSalePage :46 - Selecting choice of car make [[ChromeDriver: chrome on WINDOWS (56732cc102e31c56a9eef9370b4cb9d8)] -> xpath: //select[@id='makes']]
2022-05-20 12:05:177 INFO  UsedCarsForSalePage :51 - Selecting Model Of Car [[ChromeDriver: chrome on WINDOWS (56732cc102e31c56a9eef9370b4cb9d8)] -> xpath: //select[@id='models']]
2022-05-20 12:05:236 INFO  UsedCarsForSalePage :56 - Selecting Location Of Car [[ChromeDriver: chrome on WINDOWS (56732cc102e31c56a9eef9370b4cb9d8)] -> xpath: //select[@id='locations']]
2022-05-20 12:05:288 INFO  UsedCarsForSalePage :61 - Selecting Price Of Car [[ChromeDriver: chrome on WINDOWS (56732cc102e31c56a9eef9370b4cb9d8)] -> xpath: //select[@id='priceTo']]
2022-05-20 12:05:717 INFO  UsedCarsForSalePage :66 - Checking If Searched Criteria Matches[[ChromeDriver: chrome on WINDOWS (56732cc102e31c56a9eef9370b4cb9d8)] -> id: search-submit]
2022-05-20 12:05:380 INFO  ManageDriver :32 - Launching Chrome Browser
2022-05-20 12:05:598 INFO  HomePage :32 - Clicking on Buy+Sell tab [[ChromeDriver: chrome on WINDOWS (cd0bb8eea058f35fd1946c124a7bd717)] -> xpath: //a[contains(text(),'buy + sell')]]
2022-05-20 12:05:690 INFO  HomePage :40 - Clicking On Used Link[[ChromeDriver: chrome on WINDOWS (cd0bb8eea058f35fd1946c124a7bd717)] -> link text: Used]
2022-05-20 12:05:322 INFO  UsedCarsForSalePage :46 - Selecting choice of car make [[ChromeDriver: chrome on WINDOWS (cd0bb8eea058f35fd1946c124a7bd717)] -> xpath: //select[@id='makes']]
2022-05-20 12:05:379 INFO  UsedCarsForSalePage :51 - Selecting Model Of Car [[ChromeDriver: chrome on WINDOWS (cd0bb8eea058f35fd1946c124a7bd717)] -> xpath: //select[@id='models']]
2022-05-20 12:05:426 INFO  UsedCarsForSalePage :56 - Selecting Location Of Car [[ChromeDriver: chrome on WINDOWS (cd0bb8eea058f35fd1946c124a7bd717)] -> xpath: //select[@id='locations']]
2022-05-20 12:05:470 INFO  UsedCarsForSalePage :61 - Selecting Price Of Car [[ChromeDriver: chrome on WINDOWS (cd0bb8eea058f35fd1946c124a7bd717)] -> xpath: //select[@id='priceTo']]
2022-05-20 12:05:456 INFO  UsedCarsForSalePage :66 - Checking If Searched Criteria Matches[[ChromeDriver: chrome on WINDOWS (cd0bb8eea058f35fd1946c124a7bd717)] -> id: search-submit]
2022-05-20 12:05:87 INFO  ManageDriver :32 - Launching Chrome Browser
2022-05-20 12:05:74 INFO  HomePage :32 - Clicking on Buy+Sell tab [[ChromeDriver: chrome on WINDOWS (d3a09a7be37ab8e7c572a240a0a484dc)] -> xpath: //a[contains(text(),'buy + sell')]]
2022-05-20 12:05:140 INFO  HomePage :40 - Clicking On Used Link[[ChromeDriver: chrome on WINDOWS (d3a09a7be37ab8e7c572a240a0a484dc)] -> link text: Used]
2022-05-20 12:05:747 INFO  UsedCarsForSalePage :46 - Selecting choice of car make [[ChromeDriver: chrome on WINDOWS (d3a09a7be37ab8e7c572a240a0a484dc)] -> xpath: //select[@id='makes']]
2022-05-20 12:05:865 INFO  UsedCarsForSalePage :51 - Selecting Model Of Car [[ChromeDriver: chrome on WINDOWS (d3a09a7be37ab8e7c572a240a0a484dc)] -> xpath: //select[@id='models']]
2022-05-20 12:05:911 INFO  UsedCarsForSalePage :56 - Selecting Location Of Car [[ChromeDriver: chrome on WINDOWS (d3a09a7be37ab8e7c572a240a0a484dc)] -> xpath: //select[@id='locations']]
2022-05-20 12:05:959 INFO  UsedCarsForSalePage :61 - Selecting Price Of Car [[ChromeDriver: chrome on WINDOWS (d3a09a7be37ab8e7c572a240a0a484dc)] -> xpath: //select[@id='priceTo']]
2022-05-20 12:05:790 INFO  ManageDriver :32 - Launching Chrome Browser
2022-05-20 12:05:907 INFO  HomePage :32 - Clicking on Buy+Sell tab [[ChromeDriver: chrome on WINDOWS (eef162e74003566d27e80a4f9472c650)] -> xpath: //a[contains(text(),'buy + sell')]]
2022-05-20 12:05:982 INFO  HomePage :40 - Clicking On Used Link[[ChromeDriver: chrome on WINDOWS (eef162e74003566d27e80a4f9472c650)] -> link text: Used]
2022-05-20 12:05:771 INFO  UsedCarsForSalePage :46 - Selecting choice of car make [[ChromeDriver: chrome on WINDOWS (eef162e74003566d27e80a4f9472c650)] -> xpath: //select[@id='makes']]
2022-05-20 12:05:884 INFO  UsedCarsForSalePage :51 - Selecting Model Of Car [[ChromeDriver: chrome on WINDOWS (eef162e74003566d27e80a4f9472c650)] -> xpath: //select[@id='models']]
2022-05-20 12:05:944 INFO  UsedCarsForSalePage :56 - Selecting Location Of Car [[ChromeDriver: chrome on WINDOWS (eef162e74003566d27e80a4f9472c650)] -> xpath: //select[@id='locations']]
2022-05-20 12:05:989 INFO  UsedCarsForSalePage :61 - Selecting Price Of Car [[ChromeDriver: chrome on WINDOWS (eef162e74003566d27e80a4f9472c650)] -> xpath: //select[@id='priceTo']]
2022-05-20 12:05:491 INFO  UsedCarsForSalePage :66 - Checking If Searched Criteria Matches[[ChromeDriver: chrome on WINDOWS (eef162e74003566d27e80a4f9472c650)] -> id: search-submit]
2022-05-20 12:05:149 INFO  ManageDriver :32 - Launching Chrome Browser
2022-05-20 12:05:433 INFO  HomePage :32 - Clicking on Buy+Sell tab [[ChromeDriver: chrome on WINDOWS (5fb8e33fcc19315a012466200544ce33)] -> xpath: //a[contains(text(),'buy + sell')]]
2022-05-20 12:05:109 INFO  HomePage :40 - Clicking On Used Link[[ChromeDriver: chrome on WINDOWS (5fb8e33fcc19315a012466200544ce33)] -> link text: Used]
2022-05-20 12:05:276 INFO  UsedCarsForSalePage :46 - Selecting choice of car make [[ChromeDriver: chrome on WINDOWS (5fb8e33fcc19315a012466200544ce33)] -> xpath: //select[@id='makes']]
2022-05-20 12:05:390 INFO  UsedCarsForSalePage :51 - Selecting Model Of Car [[ChromeDriver: chrome on WINDOWS (5fb8e33fcc19315a012466200544ce33)] -> xpath: //select[@id='models']]
2022-05-20 12:05:442 INFO  UsedCarsForSalePage :56 - Selecting Location Of Car [[ChromeDriver: chrome on WINDOWS (5fb8e33fcc19315a012466200544ce33)] -> xpath: //select[@id='locations']]
2022-05-20 12:05:490 INFO  UsedCarsForSalePage :61 - Selecting Price Of Car [[ChromeDriver: chrome on WINDOWS (5fb8e33fcc19315a012466200544ce33)] -> xpath: //select[@id='priceTo']]
2022-05-20 12:05:541 INFO  UsedCarsForSalePage :66 - Checking If Searched Criteria Matches[[ChromeDriver: chrome on WINDOWS (5fb8e33fcc19315a012466200544ce33)] -> id: search-submit]
2022-05-20 12:05:526 INFO  ManageDriver :32 - Launching Chrome Browser
2022-05-20 12:05:788 INFO  HomePage :32 - Clicking on Buy+Sell tab [[ChromeDriver: chrome on WINDOWS (cfc1b8abcac733c431b67c61cac068c2)] -> xpath: //a[contains(text(),'buy + sell')]]
2022-05-20 12:05:866 INFO  HomePage :36 - Clicking on SearchCars link[[ChromeDriver: chrome on WINDOWS (cfc1b8abcac733c431b67c61cac068c2)] -> xpath: //a[contains(text(),'Search Cars')]]
2022-05-20 12:05:145 INFO  NewAndUsedCarSearchPage :45 - Verifying New Page Message [[ChromeDriver: chrome on WINDOWS (cfc1b8abcac733c431b67c61cac068c2)] -> xpath: //div[@class='heading main-heading item-ad-wrapper ']/h1]
2022-05-20 12:05:334 INFO  NewAndUsedCarSearchPage :51 - Selecting choice of car make [[ChromeDriver: chrome on WINDOWS (cfc1b8abcac733c431b67c61cac068c2)] -> xpath: //select[@id='makes']]
2022-05-20 12:05:460 INFO  NewAndUsedCarSearchPage :57 - Selecting Model Of Car [[ChromeDriver: chrome on WINDOWS (cfc1b8abcac733c431b67c61cac068c2)] -> xpath: //select[@id='models']]
2022-05-20 12:05:514 INFO  NewAndUsedCarSearchPage :62 - Selecting Location Of Car [[ChromeDriver: chrome on WINDOWS (cfc1b8abcac733c431b67c61cac068c2)] -> xpath: //select[@id='locations']]
2022-05-20 12:05:567 INFO  NewAndUsedCarSearchPage :68 - Selecting Price Of Car [[ChromeDriver: chrome on WINDOWS (cfc1b8abcac733c431b67c61cac068c2)] -> xpath: //select[@id='priceTo']]
2022-05-20 12:05:614 INFO  NewAndUsedCarSearchPage :74 - Checking If Searched Criteria Matches[[ChromeDriver: chrome on WINDOWS (cfc1b8abcac733c431b67c61cac068c2)] -> id: search-submit]
2022-05-20 12:05:293 INFO  ManageDriver :32 - Launching Chrome Browser
2022-05-20 12:05:274 INFO  HomePage :32 - Clicking on Buy+Sell tab [[ChromeDriver: chrome on WINDOWS (61fc444acd655ddd487d60c64eee6e44)] -> xpath: //a[contains(text(),'buy + sell')]]
2022-05-20 12:05:346 INFO  HomePage :36 - Clicking on SearchCars link[[ChromeDriver: chrome on WINDOWS (61fc444acd655ddd487d60c64eee6e44)] -> xpath: //a[contains(text(),'Search Cars')]]
2022-05-20 12:05:647 INFO  NewAndUsedCarSearchPage :45 - Verifying New Page Message [[ChromeDriver: chrome on WINDOWS (61fc444acd655ddd487d60c64eee6e44)] -> xpath: //div[@class='heading main-heading item-ad-wrapper ']/h1]
2022-05-20 12:05:808 INFO  NewAndUsedCarSearchPage :51 - Selecting choice of car make [[ChromeDriver: chrome on WINDOWS (61fc444acd655ddd487d60c64eee6e44)] -> xpath: //select[@id='makes']]
2022-05-20 12:05:756 INFO  ManageDriver :32 - Launching Chrome Browser
2022-05-20 12:05:391 INFO  HomePage :32 - Clicking on Buy+Sell tab [[ChromeDriver: chrome on WINDOWS (9ed34acb10f1e1dba5b8f35cb01aa1c6)] -> xpath: //a[contains(text(),'buy + sell')]]
2022-05-20 12:05:460 INFO  HomePage :36 - Clicking on SearchCars link[[ChromeDriver: chrome on WINDOWS (9ed34acb10f1e1dba5b8f35cb01aa1c6)] -> xpath: //a[contains(text(),'Search Cars')]]
2022-05-20 12:05:859 INFO  NewAndUsedCarSearchPage :45 - Verifying New Page Message [[ChromeDriver: chrome on WINDOWS (9ed34acb10f1e1dba5b8f35cb01aa1c6)] -> xpath: //div[@class='heading main-heading item-ad-wrapper ']/h1]
2022-05-20 12:05:02 INFO  NewAndUsedCarSearchPage :51 - Selecting choice of car make [[ChromeDriver: chrome on WINDOWS (9ed34acb10f1e1dba5b8f35cb01aa1c6)] -> xpath: //select[@id='makes']]
2022-05-20 12:05:941 INFO  ManageDriver :32 - Launching Chrome Browser
2022-05-20 12:05:871 INFO  HomePage :32 - Clicking on Buy+Sell tab [[ChromeDriver: chrome on WINDOWS (79ffa9b3c17b8cb65373ba5d24a6c515)] -> xpath: //a[contains(text(),'buy + sell')]]
2022-05-20 12:05:979 INFO  HomePage :36 - Clicking on SearchCars link[[ChromeDriver: chrome on WINDOWS (79ffa9b3c17b8cb65373ba5d24a6c515)] -> xpath: //a[contains(text(),'Search Cars')]]
2022-05-20 12:05:414 INFO  NewAndUsedCarSearchPage :45 - Verifying New Page Message [[ChromeDriver: chrome on WINDOWS (79ffa9b3c17b8cb65373ba5d24a6c515)] -> xpath: //div[@class='heading main-heading item-ad-wrapper ']/h1]
2022-05-20 12:05:552 INFO  NewAndUsedCarSearchPage :51 - Selecting choice of car make [[ChromeDriver: chrome on WINDOWS (79ffa9b3c17b8cb65373ba5d24a6c515)] -> xpath: //select[@id='makes']]
2022-05-20 12:05:404 INFO  ManageDriver :32 - Launching Chrome Browser
2022-05-20 12:05:325 INFO  HomePage :32 - Clicking on Buy+Sell tab [[ChromeDriver: chrome on WINDOWS (d8385ad6d9dec82c182f87e04247c6a5)] -> xpath: //a[contains(text(),'buy + sell')]]
2022-05-20 12:05:818 INFO  HomePage :36 - Clicking on SearchCars link[[ChromeDriver: chrome on WINDOWS (d8385ad6d9dec82c182f87e04247c6a5)] -> xpath: //a[contains(text(),'Search Cars')]]
2022-05-20 12:05:850 INFO  NewAndUsedCarSearchPage :45 - Verifying New Page Message [[ChromeDriver: chrome on WINDOWS (d8385ad6d9dec82c182f87e04247c6a5)] -> xpath: //div[@class='heading main-heading item-ad-wrapper ']/h1]
2022-05-20 12:05:16 INFO  NewAndUsedCarSearchPage :51 - Selecting choice of car make [[ChromeDriver: chrome on WINDOWS (d8385ad6d9dec82c182f87e04247c6a5)] -> xpath: //select[@id='makes']]
2022-05-20 12:05:139 INFO  NewAndUsedCarSearchPage :57 - Selecting Model Of Car [[ChromeDriver: chrome on WINDOWS (d8385ad6d9dec82c182f87e04247c6a5)] -> xpath: //select[@id='models']]
2022-05-20 12:05:193 INFO  NewAndUsedCarSearchPage :62 - Selecting Location Of Car [[ChromeDriver: chrome on WINDOWS (d8385ad6d9dec82c182f87e04247c6a5)] -> xpath: //select[@id='locations']]
2022-05-20 12:05:239 INFO  NewAndUsedCarSearchPage :68 - Selecting Price Of Car [[ChromeDriver: chrome on WINDOWS (d8385ad6d9dec82c182f87e04247c6a5)] -> xpath: //select[@id='priceTo']]
2022-05-20 12:05:557 INFO  ManageDriver :32 - Launching Chrome Browser
2022-05-20 12:05:432 INFO  HomePage :32 - Clicking on Buy+Sell tab [[ChromeDriver: chrome on WINDOWS (66639d436649e5746c0baaeaf2c21e9e)] -> xpath: //a[contains(text(),'buy + sell')]]
2022-05-20 12:05:501 INFO  HomePage :36 - Clicking on SearchCars link[[ChromeDriver: chrome on WINDOWS (66639d436649e5746c0baaeaf2c21e9e)] -> xpath: //a[contains(text(),'Search Cars')]]
2022-05-20 12:05:819 INFO  NewAndUsedCarSearchPage :45 - Verifying New Page Message [[ChromeDriver: chrome on WINDOWS (66639d436649e5746c0baaeaf2c21e9e)] -> xpath: //div[@class='heading main-heading item-ad-wrapper ']/h1]
2022-05-20 12:05:908 INFO  NewAndUsedCarSearchPage :51 - Selecting choice of car make [[ChromeDriver: chrome on WINDOWS (66639d436649e5746c0baaeaf2c21e9e)] -> xpath: //select[@id='makes']]
2022-05-20 13:05:856 INFO  ManageDriver :32 - Launching Chrome Browser
2022-05-20 13:05:759 INFO  HomePage :32 - Clicking on Buy+Sell tab [[ChromeDriver: chrome on WINDOWS (acc02d5f6d30725d3fc10d844ef54e3e)] -> xpath: //a[contains(text(),'buy + sell')]]
2022-05-20 13:05:834 INFO  HomePage :40 - Clicking On Used Link[[ChromeDriver: chrome on WINDOWS (acc02d5f6d30725d3fc10d844ef54e3e)] -> link text: Used]
2022-05-20 13:05:177 INFO  UsedCarsForSalePage :46 - Selecting choice of car make [[ChromeDriver: chrome on WINDOWS (acc02d5f6d30725d3fc10d844ef54e3e)] -> xpath: //select[@id='makes']]
2022-05-20 13:05:294 INFO  UsedCarsForSalePage :51 - Selecting Model Of Car [[ChromeDriver: chrome on WINDOWS (acc02d5f6d30725d3fc10d844ef54e3e)] -> xpath: //select[@id='models']]
2022-05-20 13:05:339 INFO  UsedCarsForSalePage :56 - Selecting Location Of Car [[ChromeDriver: chrome on WINDOWS (acc02d5f6d30725d3fc10d844ef54e3e)] -> xpath: //select[@id='locations']]
2022-05-20 13:05:385 INFO  UsedCarsForSalePage :61 - Selecting Price Of Car [[ChromeDriver: chrome on WINDOWS (acc02d5f6d30725d3fc10d844ef54e3e)] -> xpath: //select[@id='priceTo']]
2022-05-20 13:05:207 INFO  UsedCarsForSalePage :66 - Checking If Searched Criteria Matches[[ChromeDriver: chrome on WINDOWS (acc02d5f6d30725d3fc10d844ef54e3e)] -> id: search-submit]
2022-05-20 13:05:890 INFO  ManageDriver :32 - Launching Chrome Browser
2022-05-20 13:05:636 INFO  HomePage :32 - Clicking on Buy+Sell tab [[ChromeDriver: chrome on WINDOWS (df7d5fae55883ed42fe022846e9e01ef)] -> xpath: //a[contains(text(),'buy + sell')]]
2022-05-20 13:05:720 INFO  HomePage :40 - Clicking On Used Link[[ChromeDriver: chrome on WINDOWS (df7d5fae55883ed42fe022846e9e01ef)] -> link text: Used]
2022-05-20 13:05:192 INFO  UsedCarsForSalePage :46 - Selecting choice of car make [[ChromeDriver: chrome on WINDOWS (df7d5fae55883ed42fe022846e9e01ef)] -> xpath: //select[@id='makes']]
2022-05-20 13:05:322 INFO  UsedCarsForSalePage :51 - Selecting Model Of Car [[ChromeDriver: chrome on WINDOWS (df7d5fae55883ed42fe022846e9e01ef)] -> xpath: //select[@id='models']]
2022-05-20 13:05:371 INFO  UsedCarsForSalePage :56 - Selecting Location Of Car [[ChromeDriver: chrome on WINDOWS (df7d5fae55883ed42fe022846e9e01ef)] -> xpath: //select[@id='locations']]
2022-05-20 13:05:426 INFO  UsedCarsForSalePage :61 - Selecting Price Of Car [[ChromeDriver: chrome on WINDOWS (df7d5fae55883ed42fe022846e9e01ef)] -> xpath: //select[@id='priceTo']]
2022-05-20 13:05:299 INFO  UsedCarsForSalePage :66 - Checking If Searched Criteria Matches[[ChromeDriver: chrome on WINDOWS (df7d5fae55883ed42fe022846e9e01ef)] -> id: search-submit]
2022-05-20 13:05:954 INFO  ManageDriver :32 - Launching Chrome Browser
2022-05-20 13:05:551 INFO  HomePage :32 - Clicking on Buy+Sell tab [[ChromeDriver: chrome on WINDOWS (231cc5a6ea7fa4dde11a907a3ae5b8bd)] -> xpath: //a[contains(text(),'buy + sell')]]
2022-05-20 13:05:624 INFO  HomePage :40 - Clicking On Used Link[[ChromeDriver: chrome on WINDOWS (231cc5a6ea7fa4dde11a907a3ae5b8bd)] -> link text: Used]
2022-05-20 13:05:360 INFO  UsedCarsForSalePage :46 - Selecting choice of car make [[ChromeDriver: chrome on WINDOWS (231cc5a6ea7fa4dde11a907a3ae5b8bd)] -> xpath: //select[@id='makes']]
2022-05-20 13:05:454 INFO  UsedCarsForSalePage :51 - Selecting Model Of Car [[ChromeDriver: chrome on WINDOWS (231cc5a6ea7fa4dde11a907a3ae5b8bd)] -> xpath: //select[@id='models']]
2022-05-20 13:05:500 INFO  UsedCarsForSalePage :56 - Selecting Location Of Car [[ChromeDriver: chrome on WINDOWS (231cc5a6ea7fa4dde11a907a3ae5b8bd)] -> xpath: //select[@id='locations']]
2022-05-20 13:05:543 INFO  UsedCarsForSalePage :61 - Selecting Price Of Car [[ChromeDriver: chrome on WINDOWS (231cc5a6ea7fa4dde11a907a3ae5b8bd)] -> xpath: //select[@id='priceTo']]
2022-05-20 13:05:809 INFO  ManageDriver :32 - Launching Chrome Browser
2022-05-20 13:05:369 INFO  HomePage :32 - Clicking on Buy+Sell tab [[ChromeDriver: chrome on WINDOWS (f05e071d638c520b8a2d49c233112603)] -> xpath: //a[contains(text(),'buy + sell')]]
2022-05-20 13:05:436 INFO  HomePage :40 - Clicking On Used Link[[ChromeDriver: chrome on WINDOWS (f05e071d638c520b8a2d49c233112603)] -> link text: Used]
2022-05-20 13:05:295 INFO  UsedCarsForSalePage :46 - Selecting choice of car make [[ChromeDriver: chrome on WINDOWS (f05e071d638c520b8a2d49c233112603)] -> xpath: //select[@id='makes']]
2022-05-20 13:05:454 INFO  UsedCarsForSalePage :51 - Selecting Model Of Car [[ChromeDriver: chrome on WINDOWS (f05e071d638c520b8a2d49c233112603)] -> xpath: //select[@id='models']]
2022-05-20 13:05:525 INFO  UsedCarsForSalePage :56 - Selecting Location Of Car [[ChromeDriver: chrome on WINDOWS (f05e071d638c520b8a2d49c233112603)] -> xpath: //select[@id='locations']]
2022-05-20 13:05:633 INFO  UsedCarsForSalePage :61 - Selecting Price Of Car [[ChromeDriver: chrome on WINDOWS (f05e071d638c520b8a2d49c233112603)] -> xpath: //select[@id='priceTo']]
2022-05-20 13:05:856 INFO  UsedCarsForSalePage :66 - Checking If Searched Criteria Matches[[ChromeDriver: chrome on WINDOWS (f05e071d638c520b8a2d49c233112603)] -> id: search-submit]
2022-05-20 13:05:493 INFO  ManageDriver :32 - Launching Chrome Browser
2022-05-20 13:05:137 INFO  HomePage :32 - Clicking on Buy+Sell tab [[ChromeDriver: chrome on WINDOWS (37b51136a5fa2e45f9f808bb826e41e9)] -> xpath: //a[contains(text(),'buy + sell')]]
2022-05-20 13:05:427 INFO  ManageDriver :32 - Launching Chrome Browser
2022-05-20 13:05:189 INFO  HomePage :32 - Clicking on Buy+Sell tab [[ChromeDriver: chrome on WINDOWS (ea73c8a31f8df5c8847cb0a19aa6d02a)] -> xpath: //a[contains(text(),'buy + sell')]]
2022-05-20 13:05:834 INFO  HomePage :40 - Clicking On Used Link[[ChromeDriver: chrome on WINDOWS (ea73c8a31f8df5c8847cb0a19aa6d02a)] -> link text: Used]
2022-05-20 13:05:13 INFO  UsedCarsForSalePage :46 - Selecting choice of car make [[ChromeDriver: chrome on WINDOWS (ea73c8a31f8df5c8847cb0a19aa6d02a)] -> xpath: //select[@id='makes']]
2022-05-20 13:05:118 INFO  UsedCarsForSalePage :51 - Selecting Model Of Car [[ChromeDriver: chrome on WINDOWS (ea73c8a31f8df5c8847cb0a19aa6d02a)] -> xpath: //select[@id='models']]
2022-05-20 13:05:170 INFO  UsedCarsForSalePage :56 - Selecting Location Of Car [[ChromeDriver: chrome on WINDOWS (ea73c8a31f8df5c8847cb0a19aa6d02a)] -> xpath: //select[@id='locations']]
2022-05-20 13:05:216 INFO  UsedCarsForSalePage :61 - Selecting Price Of Car [[ChromeDriver: chrome on WINDOWS (ea73c8a31f8df5c8847cb0a19aa6d02a)] -> xpath: //select[@id='priceTo']]
2022-05-20 13:05:262 INFO  UsedCarsForSalePage :66 - Checking If Searched Criteria Matches[[ChromeDriver: chrome on WINDOWS (ea73c8a31f8df5c8847cb0a19aa6d02a)] -> id: search-submit]
2022-05-20 13:05:315 INFO  ManageDriver :32 - Launching Chrome Browser
2022-05-20 13:05:961 INFO  HomePage :32 - Clicking on Buy+Sell tab [[ChromeDriver: chrome on WINDOWS (bfdb56f955e3979ea445c067c26f6588)] -> xpath: //a[contains(text(),'buy + sell')]]
2022-05-20 13:05:23 INFO  HomePage :36 - Clicking on SearchCars link[[ChromeDriver: chrome on WINDOWS (bfdb56f955e3979ea445c067c26f6588)] -> xpath: //a[contains(text(),'Search Cars')]]
2022-05-20 13:05:199 INFO  NewAndUsedCarSearchPage :45 - Verifying New Page Message [[ChromeDriver: chrome on WINDOWS (bfdb56f955e3979ea445c067c26f6588)] -> xpath: //div[@class='heading main-heading item-ad-wrapper ']/h1]
2022-05-20 13:05:380 INFO  NewAndUsedCarSearchPage :51 - Selecting choice of car make [[ChromeDriver: chrome on WINDOWS (bfdb56f955e3979ea445c067c26f6588)] -> xpath: //select[@id='makes']]
2022-05-20 13:05:501 INFO  NewAndUsedCarSearchPage :57 - Selecting Model Of Car [[ChromeDriver: chrome on WINDOWS (bfdb56f955e3979ea445c067c26f6588)] -> xpath: //select[@id='models']]
2022-05-20 13:05:554 INFO  NewAndUsedCarSearchPage :62 - Selecting Location Of Car [[ChromeDriver: chrome on WINDOWS (bfdb56f955e3979ea445c067c26f6588)] -> xpath: //select[@id='locations']]
2022-05-20 13:05:607 INFO  NewAndUsedCarSearchPage :68 - Selecting Price Of Car [[ChromeDriver: chrome on WINDOWS (bfdb56f955e3979ea445c067c26f6588)] -> xpath: //select[@id='priceTo']]
2022-05-20 13:05:847 INFO  NewAndUsedCarSearchPage :74 - Checking If Searched Criteria Matches[[ChromeDriver: chrome on WINDOWS (bfdb56f955e3979ea445c067c26f6588)] -> id: search-submit]
2022-05-20 13:05:521 INFO  ManageDriver :32 - Launching Chrome Browser
2022-05-20 13:05:228 INFO  HomePage :32 - Clicking on Buy+Sell tab [[ChromeDriver: chrome on WINDOWS (17d76eb417cc6b91fdfc0fa471dd6e96)] -> xpath: //a[contains(text(),'buy + sell')]]
2022-05-20 13:05:294 INFO  HomePage :36 - Clicking on SearchCars link[[ChromeDriver: chrome on WINDOWS (17d76eb417cc6b91fdfc0fa471dd6e96)] -> xpath: //a[contains(text(),'Search Cars')]]
2022-05-20 13:05:691 INFO  NewAndUsedCarSearchPage :45 - Verifying New Page Message [[ChromeDriver: chrome on WINDOWS (17d76eb417cc6b91fdfc0fa471dd6e96)] -> xpath: //div[@class='heading main-heading item-ad-wrapper ']/h1]
2022-05-20 13:05:767 INFO  NewAndUsedCarSearchPage :51 - Selecting choice of car make [[ChromeDriver: chrome on WINDOWS (17d76eb417cc6b91fdfc0fa471dd6e96)] -> xpath: //select[@id='makes']]
2022-05-20 13:05:713 INFO  ManageDriver :32 - Launching Chrome Browser
2022-05-20 13:05:172 INFO  HomePage :32 - Clicking on Buy+Sell tab [[ChromeDriver: chrome on WINDOWS (3f78449d5e2730d81a26e263e83902d8)] -> xpath: //a[contains(text(),'buy + sell')]]
2022-05-20 13:05:276 INFO  HomePage :36 - Clicking on SearchCars link[[ChromeDriver: chrome on WINDOWS (3f78449d5e2730d81a26e263e83902d8)] -> xpath: //a[contains(text(),'Search Cars')]]
2022-05-20 13:05:587 INFO  NewAndUsedCarSearchPage :45 - Verifying New Page Message [[ChromeDriver: chrome on WINDOWS (3f78449d5e2730d81a26e263e83902d8)] -> xpath: //div[@class='heading main-heading item-ad-wrapper ']/h1]
2022-05-20 13:05:695 INFO  NewAndUsedCarSearchPage :51 - Selecting choice of car make [[ChromeDriver: chrome on WINDOWS (3f78449d5e2730d81a26e263e83902d8)] -> xpath: //select[@id='makes']]
2022-05-20 13:05:556 INFO  ManageDriver :32 - Launching Chrome Browser
2022-05-20 13:05:107 INFO  HomePage :32 - Clicking on Buy+Sell tab [[ChromeDriver: chrome on WINDOWS (ec6ec564f36dfbd8512f0ab80bd913dd)] -> xpath: //a[contains(text(),'buy + sell')]]
2022-05-20 13:05:196 INFO  HomePage :36 - Clicking on SearchCars link[[ChromeDriver: chrome on WINDOWS (ec6ec564f36dfbd8512f0ab80bd913dd)] -> xpath: //a[contains(text(),'Search Cars')]]
2022-05-20 13:05:341 INFO  NewAndUsedCarSearchPage :45 - Verifying New Page Message [[ChromeDriver: chrome on WINDOWS (ec6ec564f36dfbd8512f0ab80bd913dd)] -> xpath: //div[@class='heading main-heading item-ad-wrapper ']/h1]
2022-05-20 13:05:483 INFO  NewAndUsedCarSearchPage :51 - Selecting choice of car make [[ChromeDriver: chrome on WINDOWS (ec6ec564f36dfbd8512f0ab80bd913dd)] -> xpath: //select[@id='makes']]
2022-05-20 13:05:441 INFO  ManageDriver :32 - Launching Chrome Browser
2022-05-20 13:05:194 INFO  HomePage :32 - Clicking on Buy+Sell tab [[ChromeDriver: chrome on WINDOWS (3df5fb91c4ce656958b08c1f64b1b6c5)] -> xpath: //a[contains(text(),'buy + sell')]]
2022-05-20 13:05:277 INFO  HomePage :36 - Clicking on SearchCars link[[ChromeDriver: chrome on WINDOWS (3df5fb91c4ce656958b08c1f64b1b6c5)] -> xpath: //a[contains(text(),'Search Cars')]]
2022-05-20 13:05:434 INFO  NewAndUsedCarSearchPage :45 - Verifying New Page Message [[ChromeDriver: chrome on WINDOWS (3df5fb91c4ce656958b08c1f64b1b6c5)] -> xpath: //div[@class='heading main-heading item-ad-wrapper ']/h1]
2022-05-20 13:05:551 INFO  NewAndUsedCarSearchPage :51 - Selecting choice of car make [[ChromeDriver: chrome on WINDOWS (3df5fb91c4ce656958b08c1f64b1b6c5)] -> xpath: //select[@id='makes']]
2022-05-20 13:05:610 INFO  NewAndUsedCarSearchPage :57 - Selecting Model Of Car [[ChromeDriver: chrome on WINDOWS (3df5fb91c4ce656958b08c1f64b1b6c5)] -> xpath: //select[@id='models']]
2022-05-20 13:05:658 INFO  NewAndUsedCarSearchPage :62 - Selecting Location Of Car [[ChromeDriver: chrome on WINDOWS (3df5fb91c4ce656958b08c1f64b1b6c5)] -> xpath: //select[@id='locations']]
2022-05-20 13:05:704 INFO  NewAndUsedCarSearchPage :68 - Selecting Price Of Car [[ChromeDriver: chrome on WINDOWS (3df5fb91c4ce656958b08c1f64b1b6c5)] -> xpath: //select[@id='priceTo']]
2022-05-20 13:05:765 INFO  NewAndUsedCarSearchPage :74 - Checking If Searched Criteria Matches[[ChromeDriver: chrome on WINDOWS (3df5fb91c4ce656958b08c1f64b1b6c5)] -> id: search-submit]
2022-05-20 13:05:422 INFO  ManageDriver :32 - Launching Chrome Browser
2022-05-20 13:05:737 INFO  HomePage :32 - Clicking on Buy+Sell tab [[ChromeDriver: chrome on WINDOWS (f4b01394aa0991706bd2b28eb3c4b96a)] -> xpath: //a[contains(text(),'buy + sell')]]
2022-05-20 13:05:957 INFO  HomePage :36 - Clicking on SearchCars link[[ChromeDriver: chrome on WINDOWS (f4b01394aa0991706bd2b28eb3c4b96a)] -> xpath: //a[contains(text(),'Search Cars')]]
2022-05-20 13:05:06 INFO  NewAndUsedCarSearchPage :45 - Verifying New Page Message [[ChromeDriver: chrome on WINDOWS (f4b01394aa0991706bd2b28eb3c4b96a)] -> xpath: //div[@class='heading main-heading item-ad-wrapper ']/h1]
2022-05-20 13:05:106 INFO  NewAndUsedCarSearchPage :51 - Selecting choice of car make [[ChromeDriver: chrome on WINDOWS (f4b01394aa0991706bd2b28eb3c4b96a)] -> xpath: //select[@id='makes']]
2022-05-20 13:05:97 INFO  ManageDriver :32 - Launching Chrome Browser
2022-05-20 13:05:807 INFO  HomePage :32 - Clicking on Buy+Sell tab [[ChromeDriver: chrome on WINDOWS (94984acb85bdda9e06ead8884fdee23b)] -> xpath: //a[contains(text(),'buy + sell')]]
2022-05-20 13:05:157 INFO  HomePage :40 - Clicking On Used Link[[ChromeDriver: chrome on WINDOWS (94984acb85bdda9e06ead8884fdee23b)] -> link text: Used]
2022-05-20 13:05:314 INFO  UsedCarsForSalePage :46 - Selecting choice of car make [[ChromeDriver: chrome on WINDOWS (94984acb85bdda9e06ead8884fdee23b)] -> xpath: //select[@id='makes']]
2022-05-20 13:05:422 INFO  UsedCarsForSalePage :51 - Selecting Model Of Car [[ChromeDriver: chrome on WINDOWS (94984acb85bdda9e06ead8884fdee23b)] -> xpath: //select[@id='models']]
2022-05-20 13:05:475 INFO  UsedCarsForSalePage :56 - Selecting Location Of Car [[ChromeDriver: chrome on WINDOWS (94984acb85bdda9e06ead8884fdee23b)] -> xpath: //select[@id='locations']]
2022-05-20 13:05:522 INFO  UsedCarsForSalePage :61 - Selecting Price Of Car [[ChromeDriver: chrome on WINDOWS (94984acb85bdda9e06ead8884fdee23b)] -> xpath: //select[@id='priceTo']]
2022-05-20 13:05:566 INFO  UsedCarsForSalePage :66 - Checking If Searched Criteria Matches[[ChromeDriver: chrome on WINDOWS (94984acb85bdda9e06ead8884fdee23b)] -> id: search-submit]
2022-05-20 13:05:233 INFO  ManageDriver :32 - Launching Chrome Browser
2022-05-20 13:05:618 INFO  HomePage :32 - Clicking on Buy+Sell tab [[ChromeDriver: chrome on WINDOWS (68b92e33accc6de427d250fd59020889)] -> xpath: //a[contains(text(),'buy + sell')]]
2022-05-20 13:05:736 INFO  HomePage :40 - Clicking On Used Link[[ChromeDriver: chrome on WINDOWS (68b92e33accc6de427d250fd59020889)] -> link text: Used]
2022-05-20 13:05:890 INFO  UsedCarsForSalePage :46 - Selecting choice of car make [[ChromeDriver: chrome on WINDOWS (68b92e33accc6de427d250fd59020889)] -> xpath: //select[@id='makes']]
2022-05-20 13:05:949 INFO  UsedCarsForSalePage :51 - Selecting Model Of Car [[ChromeDriver: chrome on WINDOWS (68b92e33accc6de427d250fd59020889)] -> xpath: //select[@id='models']]
2022-05-20 13:05:02 INFO  UsedCarsForSalePage :56 - Selecting Location Of Car [[ChromeDriver: chrome on WINDOWS (68b92e33accc6de427d250fd59020889)] -> xpath: //select[@id='locations']]
2022-05-20 13:05:61 INFO  UsedCarsForSalePage :61 - Selecting Price Of Car [[ChromeDriver: chrome on WINDOWS (68b92e33accc6de427d250fd59020889)] -> xpath: //select[@id='priceTo']]
2022-05-20 13:05:114 INFO  UsedCarsForSalePage :66 - Checking If Searched Criteria Matches[[ChromeDriver: chrome on WINDOWS (68b92e33accc6de427d250fd59020889)] -> id: search-submit]
2022-05-20 13:05:810 INFO  ManageDriver :32 - Launching Chrome Browser
2022-05-20 13:05:582 INFO  HomePage :32 - Clicking on Buy+Sell tab [[ChromeDriver: chrome on WINDOWS (897c6cac861e99e3a0baca069da7afc4)] -> xpath: //a[contains(text(),'buy + sell')]]
2022-05-20 13:05:755 INFO  HomePage :40 - Clicking On Used Link[[ChromeDriver: chrome on WINDOWS (897c6cac861e99e3a0baca069da7afc4)] -> link text: Used]
2022-05-20 13:05:210 INFO  UsedCarsForSalePage :46 - Selecting choice of car make [[ChromeDriver: chrome on WINDOWS (897c6cac861e99e3a0baca069da7afc4)] -> xpath: //select[@id='makes']]
2022-05-20 13:05:286 INFO  UsedCarsForSalePage :51 - Selecting Model Of Car [[ChromeDriver: chrome on WINDOWS (897c6cac861e99e3a0baca069da7afc4)] -> xpath: //select[@id='models']]
2022-05-20 13:05:335 INFO  UsedCarsForSalePage :56 - Selecting Location Of Car [[ChromeDriver: chrome on WINDOWS (897c6cac861e99e3a0baca069da7afc4)] -> xpath: //select[@id='locations']]
2022-05-20 13:05:387 INFO  UsedCarsForSalePage :61 - Selecting Price Of Car [[ChromeDriver: chrome on WINDOWS (897c6cac861e99e3a0baca069da7afc4)] -> xpath: //select[@id='priceTo']]
2022-05-20 13:05:455 INFO  UsedCarsForSalePage :66 - Checking If Searched Criteria Matches[[ChromeDriver: chrome on WINDOWS (897c6cac861e99e3a0baca069da7afc4)] -> id: search-submit]
2022-05-20 13:05:118 INFO  ManageDriver :32 - Launching Chrome Browser
2022-05-20 13:05:886 INFO  HomePage :32 - Clicking on Buy+Sell tab [[ChromeDriver: chrome on WINDOWS (d0009a5f6ec72de4f4e26473eeb47de9)] -> xpath: //a[contains(text(),'buy + sell')]]
2022-05-20 13:05:953 INFO  HomePage :40 - Clicking On Used Link[[ChromeDriver: chrome on WINDOWS (d0009a5f6ec72de4f4e26473eeb47de9)] -> link text: Used]
2022-05-20 13:05:244 INFO  UsedCarsForSalePage :46 - Selecting choice of car make [[ChromeDriver: chrome on WINDOWS (d0009a5f6ec72de4f4e26473eeb47de9)] -> xpath: //select[@id='makes']]
2022-05-20 13:05:377 INFO  UsedCarsForSalePage :51 - Selecting Model Of Car [[ChromeDriver: chrome on WINDOWS (d0009a5f6ec72de4f4e26473eeb47de9)] -> xpath: //select[@id='models']]
2022-05-20 13:05:428 INFO  UsedCarsForSalePage :56 - Selecting Location Of Car [[ChromeDriver: chrome on WINDOWS (d0009a5f6ec72de4f4e26473eeb47de9)] -> xpath: //select[@id='locations']]
2022-05-20 13:05:486 INFO  UsedCarsForSalePage :61 - Selecting Price Of Car [[ChromeDriver: chrome on WINDOWS (d0009a5f6ec72de4f4e26473eeb47de9)] -> xpath: //select[@id='priceTo']]
2022-05-20 13:05:482 INFO  ManageDriver :32 - Launching Chrome Browser
2022-05-20 13:05:193 INFO  HomePage :32 - Clicking on Buy+Sell tab [[ChromeDriver: chrome on WINDOWS (87fd2318163245d266d473bb9221e857)] -> xpath: //a[contains(text(),'buy + sell')]]
2022-05-20 13:05:657 INFO  HomePage :40 - Clicking On Used Link[[ChromeDriver: chrome on WINDOWS (87fd2318163245d266d473bb9221e857)] -> link text: Used]
2022-05-20 13:05:854 INFO  UsedCarsForSalePage :46 - Selecting choice of car make [[ChromeDriver: chrome on WINDOWS (87fd2318163245d266d473bb9221e857)] -> xpath: //select[@id='makes']]
2022-05-20 13:05:948 INFO  UsedCarsForSalePage :51 - Selecting Model Of Car [[ChromeDriver: chrome on WINDOWS (87fd2318163245d266d473bb9221e857)] -> xpath: //select[@id='models']]
2022-05-20 13:05:10 INFO  UsedCarsForSalePage :56 - Selecting Location Of Car [[ChromeDriver: chrome on WINDOWS (87fd2318163245d266d473bb9221e857)] -> xpath: //select[@id='locations']]
2022-05-20 13:05:59 INFO  UsedCarsForSalePage :61 - Selecting Price Of Car [[ChromeDriver: chrome on WINDOWS (87fd2318163245d266d473bb9221e857)] -> xpath: //select[@id='priceTo']]
2022-05-20 13:05:789 INFO  UsedCarsForSalePage :66 - Checking If Searched Criteria Matches[[ChromeDriver: chrome on WINDOWS (87fd2318163245d266d473bb9221e857)] -> id: search-submit]
2022-05-20 13:05:446 INFO  ManageDriver :32 - Launching Chrome Browser
2022-05-20 13:05:54 INFO  HomePage :32 - Clicking on Buy+Sell tab [[ChromeDriver: chrome on WINDOWS (feb6d62b5081a4236426570a30d04c4c)] -> xpath: //a[contains(text(),'buy + sell')]]
2022-05-20 13:05:129 INFO  HomePage :40 - Clicking On Used Link[[ChromeDriver: chrome on WINDOWS (feb6d62b5081a4236426570a30d04c4c)] -> link text: Used]
2022-05-20 13:05:711 INFO  UsedCarsForSalePage :46 - Selecting choice of car make [[ChromeDriver: chrome on WINDOWS (feb6d62b5081a4236426570a30d04c4c)] -> xpath: //select[@id='makes']]
2022-05-20 13:05:763 INFO  UsedCarsForSalePage :51 - Selecting Model Of Car [[ChromeDriver: chrome on WINDOWS (feb6d62b5081a4236426570a30d04c4c)] -> xpath: //select[@id='models']]
2022-05-20 13:05:813 INFO  UsedCarsForSalePage :56 - Selecting Location Of Car [[ChromeDriver: chrome on WINDOWS (feb6d62b5081a4236426570a30d04c4c)] -> xpath: //select[@id='locations']]
2022-05-20 13:05:875 INFO  UsedCarsForSalePage :61 - Selecting Price Of Car [[ChromeDriver: chrome on WINDOWS (feb6d62b5081a4236426570a30d04c4c)] -> xpath: //select[@id='priceTo']]
2022-05-20 13:05:646 INFO  UsedCarsForSalePage :66 - Checking If Searched Criteria Matches[[ChromeDriver: chrome on WINDOWS (feb6d62b5081a4236426570a30d04c4c)] -> id: search-submit]
2022-05-20 13:05:502 INFO  ManageDriver :32 - Launching Chrome Browser
2022-05-20 13:05:268 INFO  HomePage :32 - Clicking on Buy+Sell tab [[ChromeDriver: chrome on WINDOWS (9f9ae9a94a51d3046910163bd337ca92)] -> xpath: //a[contains(text(),'buy + sell')]]
2022-05-20 13:05:338 INFO  HomePage :36 - Clicking on SearchCars link[[ChromeDriver: chrome on WINDOWS (9f9ae9a94a51d3046910163bd337ca92)] -> xpath: //a[contains(text(),'Search Cars')]]
2022-05-20 13:05:492 INFO  NewAndUsedCarSearchPage :45 - Verifying New Page Message [[ChromeDriver: chrome on WINDOWS (9f9ae9a94a51d3046910163bd337ca92)] -> xpath: //div[@class='heading main-heading item-ad-wrapper ']/h1]
2022-05-20 13:05:689 INFO  NewAndUsedCarSearchPage :51 - Selecting choice of car make [[ChromeDriver: chrome on WINDOWS (9f9ae9a94a51d3046910163bd337ca92)] -> xpath: //select[@id='makes']]
2022-05-20 13:05:778 INFO  NewAndUsedCarSearchPage :57 - Selecting Model Of Car [[ChromeDriver: chrome on WINDOWS (9f9ae9a94a51d3046910163bd337ca92)] -> xpath: //select[@id='models']]
2022-05-20 13:05:833 INFO  NewAndUsedCarSearchPage :62 - Selecting Location Of Car [[ChromeDriver: chrome on WINDOWS (9f9ae9a94a51d3046910163bd337ca92)] -> xpath: //select[@id='locations']]
2022-05-20 13:05:884 INFO  NewAndUsedCarSearchPage :68 - Selecting Price Of Car [[ChromeDriver: chrome on WINDOWS (9f9ae9a94a51d3046910163bd337ca92)] -> xpath: //select[@id='priceTo']]
2022-05-20 13:05:361 INFO  NewAndUsedCarSearchPage :74 - Checking If Searched Criteria Matches[[ChromeDriver: chrome on WINDOWS (9f9ae9a94a51d3046910163bd337ca92)] -> id: search-submit]
2022-05-20 13:05:46 INFO  ManageDriver :32 - Launching Chrome Browser
2022-05-20 13:05:541 INFO  HomePage :32 - Clicking on Buy+Sell tab [[ChromeDriver: chrome on WINDOWS (b65d1ec4172ba99891f7d1ca284a8d42)] -> xpath: //a[contains(text(),'buy + sell')]]
2022-05-20 13:05:602 INFO  HomePage :36 - Clicking on SearchCars link[[ChromeDriver: chrome on WINDOWS (b65d1ec4172ba99891f7d1ca284a8d42)] -> xpath: //a[contains(text(),'Search Cars')]]
2022-05-20 13:05:39 INFO  NewAndUsedCarSearchPage :45 - Verifying New Page Message [[ChromeDriver: chrome on WINDOWS (b65d1ec4172ba99891f7d1ca284a8d42)] -> xpath: //div[@class='heading main-heading item-ad-wrapper ']/h1]
2022-05-20 13:05:171 INFO  NewAndUsedCarSearchPage :51 - Selecting choice of car make [[ChromeDriver: chrome on WINDOWS (b65d1ec4172ba99891f7d1ca284a8d42)] -> xpath: //select[@id='makes']]
2022-05-20 13:05:290 INFO  NewAndUsedCarSearchPage :57 - Selecting Model Of Car [[ChromeDriver: chrome on WINDOWS (b65d1ec4172ba99891f7d1ca284a8d42)] -> xpath: //select[@id='models']]
2022-05-20 13:05:387 INFO  NewAndUsedCarSearchPage :62 - Selecting Location Of Car [[ChromeDriver: chrome on WINDOWS (b65d1ec4172ba99891f7d1ca284a8d42)] -> xpath: //select[@id='locations']]
2022-05-20 13:05:451 INFO  NewAndUsedCarSearchPage :68 - Selecting Price Of Car [[ChromeDriver: chrome on WINDOWS (b65d1ec4172ba99891f7d1ca284a8d42)] -> xpath: //select[@id='priceTo']]
2022-05-20 13:05:473 INFO  ManageDriver :32 - Launching Chrome Browser
2022-05-20 13:05:879 INFO  HomePage :32 - Clicking on Buy+Sell tab [[ChromeDriver: chrome on WINDOWS (c7665be170590db62a9eef05b55653fc)] -> xpath: //a[contains(text(),'buy + sell')]]
2022-05-20 13:05:21 INFO  HomePage :36 - Clicking on SearchCars link[[ChromeDriver: chrome on WINDOWS (c7665be170590db62a9eef05b55653fc)] -> xpath: //a[contains(text(),'Search Cars')]]
2022-05-20 13:05:825 INFO  NewAndUsedCarSearchPage :45 - Verifying New Page Message [[ChromeDriver: chrome on WINDOWS (c7665be170590db62a9eef05b55653fc)] -> xpath: //div[@class='heading main-heading item-ad-wrapper ']/h1]
2022-05-20 13:05:789 INFO  NewAndUsedCarSearchPage :51 - Selecting choice of car make [[ChromeDriver: chrome on WINDOWS (c7665be170590db62a9eef05b55653fc)] -> xpath: //select[@id='makes']]
2022-05-20 13:05:738 INFO  ManageDriver :32 - Launching Chrome Browser
2022-05-20 13:05:442 INFO  HomePage :32 - Clicking on Buy+Sell tab [[ChromeDriver: chrome on WINDOWS (586b1803fb5d8da5ff44c8f72cd9d06a)] -> xpath: //a[contains(text(),'buy + sell')]]
2022-05-20 13:05:518 INFO  HomePage :36 - Clicking on SearchCars link[[ChromeDriver: chrome on WINDOWS (586b1803fb5d8da5ff44c8f72cd9d06a)] -> xpath: //a[contains(text(),'Search Cars')]]
2022-05-20 13:05:834 INFO  NewAndUsedCarSearchPage :45 - Verifying New Page Message [[ChromeDriver: chrome on WINDOWS (586b1803fb5d8da5ff44c8f72cd9d06a)] -> xpath: //div[@class='heading main-heading item-ad-wrapper ']/h1]
2022-05-20 13:05:38 INFO  NewAndUsedCarSearchPage :51 - Selecting choice of car make [[ChromeDriver: chrome on WINDOWS (586b1803fb5d8da5ff44c8f72cd9d06a)] -> xpath: //select[@id='makes']]
2022-05-20 13:05:965 INFO  ManageDriver :32 - Launching Chrome Browser
2022-05-20 13:05:655 INFO  HomePage :32 - Clicking on Buy+Sell tab [[ChromeDriver: chrome on WINDOWS (b87fe0d9b57467cb0a46c808349fff08)] -> xpath: //a[contains(text(),'buy + sell')]]
2022-05-20 13:05:779 INFO  HomePage :36 - Clicking on SearchCars link[[ChromeDriver: chrome on WINDOWS (b87fe0d9b57467cb0a46c808349fff08)] -> xpath: //a[contains(text(),'Search Cars')]]
2022-05-20 13:05:72 INFO  NewAndUsedCarSearchPage :45 - Verifying New Page Message [[ChromeDriver: chrome on WINDOWS (b87fe0d9b57467cb0a46c808349fff08)] -> xpath: //div[@class='heading main-heading item-ad-wrapper ']/h1]
2022-05-20 13:05:230 INFO  NewAndUsedCarSearchPage :51 - Selecting choice of car make [[ChromeDriver: chrome on WINDOWS (b87fe0d9b57467cb0a46c808349fff08)] -> xpath: //select[@id='makes']]
2022-05-20 13:05:289 INFO  NewAndUsedCarSearchPage :57 - Selecting Model Of Car [[ChromeDriver: chrome on WINDOWS (b87fe0d9b57467cb0a46c808349fff08)] -> xpath: //select[@id='models']]
2022-05-20 13:05:343 INFO  NewAndUsedCarSearchPage :62 - Selecting Location Of Car [[ChromeDriver: chrome on WINDOWS (b87fe0d9b57467cb0a46c808349fff08)] -> xpath: //select[@id='locations']]
2022-05-20 13:05:392 INFO  NewAndUsedCarSearchPage :68 - Selecting Price Of Car [[ChromeDriver: chrome on WINDOWS (b87fe0d9b57467cb0a46c808349fff08)] -> xpath: //select[@id='priceTo']]
2022-05-20 13:05:442 INFO  NewAndUsedCarSearchPage :74 - Checking If Searched Criteria Matches[[ChromeDriver: chrome on WINDOWS (b87fe0d9b57467cb0a46c808349fff08)] -> id: search-submit]
2022-05-20 13:05:94 INFO  ManageDriver :32 - Launching Chrome Browser
2022-05-20 13:05:146 INFO  HomePage :32 - Clicking on Buy+Sell tab [[ChromeDriver: chrome on WINDOWS (e67f6315f5788f7fdc47028525d95eff)] -> xpath: //a[contains(text(),'buy + sell')]]
2022-05-20 13:05:566 INFO  HomePage :36 - Clicking on SearchCars link[[ChromeDriver: chrome on WINDOWS (e67f6315f5788f7fdc47028525d95eff)] -> xpath: //a[contains(text(),'Search Cars')]]
2022-05-20 13:05:662 INFO  NewAndUsedCarSearchPage :45 - Verifying New Page Message [[ChromeDriver: chrome on WINDOWS (e67f6315f5788f7fdc47028525d95eff)] -> xpath: //div[@class='heading main-heading item-ad-wrapper ']/h1]
2022-05-20 13:05:752 INFO  NewAndUsedCarSearchPage :51 - Selecting choice of car make [[ChromeDriver: chrome on WINDOWS (e67f6315f5788f7fdc47028525d95eff)] -> xpath: //select[@id='makes']]
2022-05-20 13:05:817 INFO  NewAndUsedCarSearchPage :57 - Selecting Model Of Car [[ChromeDriver: chrome on WINDOWS (e67f6315f5788f7fdc47028525d95eff)] -> xpath: //select[@id='models']]
2022-05-20 13:05:783 INFO  ManageDriver :32 - Launching Chrome Browser
2022-05-20 13:05:661 INFO  HomePage :32 - Clicking on Buy+Sell tab [[ChromeDriver: chrome on WINDOWS (4f9b4b4f423849ad92ccd158718dee6f)] -> xpath: //a[contains(text(),'buy + sell')]]
2022-05-20 13:05:732 INFO  HomePage :40 - Clicking On Used Link[[ChromeDriver: chrome on WINDOWS (4f9b4b4f423849ad92ccd158718dee6f)] -> link text: Used]
2022-05-20 13:05:228 INFO  UsedCarsForSalePage :46 - Selecting choice of car make [[ChromeDriver: chrome on WINDOWS (4f9b4b4f423849ad92ccd158718dee6f)] -> xpath: //select[@id='makes']]
2022-05-20 13:05:337 INFO  UsedCarsForSalePage :51 - Selecting Model Of Car [[ChromeDriver: chrome on WINDOWS (4f9b4b4f423849ad92ccd158718dee6f)] -> xpath: //select[@id='models']]
2022-05-20 13:05:386 INFO  UsedCarsForSalePage :56 - Selecting Location Of Car [[ChromeDriver: chrome on WINDOWS (4f9b4b4f423849ad92ccd158718dee6f)] -> xpath: //select[@id='locations']]
2022-05-20 13:05:434 INFO  UsedCarsForSalePage :61 - Selecting Price Of Car [[ChromeDriver: chrome on WINDOWS (4f9b4b4f423849ad92ccd158718dee6f)] -> xpath: //select[@id='priceTo']]
2022-05-20 13:05:481 INFO  UsedCarsForSalePage :66 - Checking If Searched Criteria Matches[[ChromeDriver: chrome on WINDOWS (4f9b4b4f423849ad92ccd158718dee6f)] -> id: search-submit]
2022-05-20 13:05:149 INFO  ManageDriver :32 - Launching Chrome Browser
2022-05-20 13:05:803 INFO  HomePage :32 - Clicking on Buy+Sell tab [[ChromeDriver: chrome on WINDOWS (c91b266a8bff3e485fa321bc5402e322)] -> xpath: //a[contains(text(),'buy + sell')]]
2022-05-20 13:05:876 INFO  HomePage :40 - Clicking On Used Link[[ChromeDriver: chrome on WINDOWS (c91b266a8bff3e485fa321bc5402e322)] -> link text: Used]
2022-05-20 13:05:527 INFO  UsedCarsForSalePage :46 - Selecting choice of car make [[ChromeDriver: chrome on WINDOWS (c91b266a8bff3e485fa321bc5402e322)] -> xpath: //select[@id='makes']]
2022-05-20 13:05:595 INFO  UsedCarsForSalePage :51 - Selecting Model Of Car [[ChromeDriver: chrome on WINDOWS (c91b266a8bff3e485fa321bc5402e322)] -> xpath: //select[@id='models']]
2022-05-20 13:05:655 INFO  UsedCarsForSalePage :56 - Selecting Location Of Car [[ChromeDriver: chrome on WINDOWS (c91b266a8bff3e485fa321bc5402e322)] -> xpath: //select[@id='locations']]
2022-05-20 13:05:707 INFO  UsedCarsForSalePage :61 - Selecting Price Of Car [[ChromeDriver: chrome on WINDOWS (c91b266a8bff3e485fa321bc5402e322)] -> xpath: //select[@id='priceTo']]
2022-05-20 13:05:499 INFO  UsedCarsForSalePage :66 - Checking If Searched Criteria Matches[[ChromeDriver: chrome on WINDOWS (c91b266a8bff3e485fa321bc5402e322)] -> id: search-submit]
2022-05-20 13:05:174 INFO  ManageDriver :32 - Launching Chrome Browser
2022-05-20 13:05:800 INFO  HomePage :32 - Clicking on Buy+Sell tab [[ChromeDriver: chrome on WINDOWS (2d425b59fc65118f863467dc95afec85)] -> xpath: //a[contains(text(),'buy + sell')]]
2022-05-20 13:05:24 INFO  HomePage :40 - Clicking On Used Link[[ChromeDriver: chrome on WINDOWS (2d425b59fc65118f863467dc95afec85)] -> link text: Used]
2022-05-20 13:05:171 INFO  UsedCarsForSalePage :46 - Selecting choice of car make [[ChromeDriver: chrome on WINDOWS (2d425b59fc65118f863467dc95afec85)] -> xpath: //select[@id='makes']]
2022-05-20 13:05:227 INFO  UsedCarsForSalePage :51 - Selecting Model Of Car [[ChromeDriver: chrome on WINDOWS (2d425b59fc65118f863467dc95afec85)] -> xpath: //select[@id='models']]
2022-05-20 13:05:277 INFO  UsedCarsForSalePage :56 - Selecting Location Of Car [[ChromeDriver: chrome on WINDOWS (2d425b59fc65118f863467dc95afec85)] -> xpath: //select[@id='locations']]
2022-05-20 13:05:324 INFO  UsedCarsForSalePage :61 - Selecting Price Of Car [[ChromeDriver: chrome on WINDOWS (2d425b59fc65118f863467dc95afec85)] -> xpath: //select[@id='priceTo']]
2022-05-20 13:05:371 INFO  UsedCarsForSalePage :66 - Checking If Searched Criteria Matches[[ChromeDriver: chrome on WINDOWS (2d425b59fc65118f863467dc95afec85)] -> id: search-submit]
2022-05-20 13:05:17 INFO  ManageDriver :32 - Launching Chrome Browser
2022-05-20 13:05:724 INFO  HomePage :32 - Clicking on Buy+Sell tab [[ChromeDriver: chrome on WINDOWS (d16fe5b1cd43ee9812092bcc88c612c3)] -> xpath: //a[contains(text(),'buy + sell')]]
2022-05-20 13:05:801 INFO  HomePage :40 - Clicking On Used Link[[ChromeDriver: chrome on WINDOWS (d16fe5b1cd43ee9812092bcc88c612c3)] -> link text: Used]
2022-05-20 13:05:314 INFO  UsedCarsForSalePage :46 - Selecting choice of car make [[ChromeDriver: chrome on WINDOWS (d16fe5b1cd43ee9812092bcc88c612c3)] -> xpath: //select[@id='makes']]
2022-05-20 13:05:442 INFO  UsedCarsForSalePage :51 - Selecting Model Of Car [[ChromeDriver: chrome on WINDOWS (d16fe5b1cd43ee9812092bcc88c612c3)] -> xpath: //select[@id='models']]
2022-05-20 13:05:493 INFO  UsedCarsForSalePage :56 - Selecting Location Of Car [[ChromeDriver: chrome on WINDOWS (d16fe5b1cd43ee9812092bcc88c612c3)] -> xpath: //select[@id='locations']]
2022-05-20 13:05:543 INFO  UsedCarsForSalePage :61 - Selecting Price Of Car [[ChromeDriver: chrome on WINDOWS (d16fe5b1cd43ee9812092bcc88c612c3)] -> xpath: //select[@id='priceTo']]
2022-05-20 13:05:591 INFO  UsedCarsForSalePage :66 - Checking If Searched Criteria Matches[[ChromeDriver: chrome on WINDOWS (d16fe5b1cd43ee9812092bcc88c612c3)] -> id: search-submit]
2022-05-20 13:05:271 INFO  ManageDriver :32 - Launching Chrome Browser
2022-05-20 13:05:888 INFO  HomePage :32 - Clicking on Buy+Sell tab [[ChromeDriver: chrome on WINDOWS (82b18cf5810304d38a235dafc3f6489f)] -> xpath: //a[contains(text(),'buy + sell')]]
2022-05-20 13:05:183 INFO  HomePage :40 - Clicking On Used Link[[ChromeDriver: chrome on WINDOWS (82b18cf5810304d38a235dafc3f6489f)] -> link text: Used]
2022-05-20 13:05:597 INFO  UsedCarsForSalePage :46 - Selecting choice of car make [[ChromeDriver: chrome on WINDOWS (82b18cf5810304d38a235dafc3f6489f)] -> xpath: //select[@id='makes']]
2022-05-20 13:05:723 INFO  UsedCarsForSalePage :51 - Selecting Model Of Car [[ChromeDriver: chrome on WINDOWS (82b18cf5810304d38a235dafc3f6489f)] -> xpath: //select[@id='models']]
2022-05-20 13:05:772 INFO  UsedCarsForSalePage :56 - Selecting Location Of Car [[ChromeDriver: chrome on WINDOWS (82b18cf5810304d38a235dafc3f6489f)] -> xpath: //select[@id='locations']]
2022-05-20 13:05:818 INFO  UsedCarsForSalePage :61 - Selecting Price Of Car [[ChromeDriver: chrome on WINDOWS (82b18cf5810304d38a235dafc3f6489f)] -> xpath: //select[@id='priceTo']]
2022-05-20 13:05:560 INFO  UsedCarsForSalePage :66 - Checking If Searched Criteria Matches[[ChromeDriver: chrome on WINDOWS (82b18cf5810304d38a235dafc3f6489f)] -> id: search-submit]
2022-05-20 13:05:234 INFO  ManageDriver :32 - Launching Chrome Browser
2022-05-20 13:05:827 INFO  HomePage :32 - Clicking on Buy+Sell tab [[ChromeDriver: chrome on WINDOWS (5701d9bd3e8119115e27025bb6139180)] -> xpath: //a[contains(text(),'buy + sell')]]
2022-05-20 13:05:897 INFO  HomePage :40 - Clicking On Used Link[[ChromeDriver: chrome on WINDOWS (5701d9bd3e8119115e27025bb6139180)] -> link text: Used]
2022-05-20 13:05:505 INFO  UsedCarsForSalePage :46 - Selecting choice of car make [[ChromeDriver: chrome on WINDOWS (5701d9bd3e8119115e27025bb6139180)] -> xpath: //select[@id='makes']]
2022-05-20 13:05:576 INFO  UsedCarsForSalePage :51 - Selecting Model Of Car [[ChromeDriver: chrome on WINDOWS (5701d9bd3e8119115e27025bb6139180)] -> xpath: //select[@id='models']]
2022-05-20 13:05:637 INFO  UsedCarsForSalePage :56 - Selecting Location Of Car [[ChromeDriver: chrome on WINDOWS (5701d9bd3e8119115e27025bb6139180)] -> xpath: //select[@id='locations']]
2022-05-20 13:05:687 INFO  UsedCarsForSalePage :61 - Selecting Price Of Car [[ChromeDriver: chrome on WINDOWS (5701d9bd3e8119115e27025bb6139180)] -> xpath: //select[@id='priceTo']]
2022-05-20 13:05:731 INFO  UsedCarsForSalePage :66 - Checking If Searched Criteria Matches[[ChromeDriver: chrome on WINDOWS (5701d9bd3e8119115e27025bb6139180)] -> id: search-submit]
2022-05-20 16:05:992 INFO  ManageDriver :32 - Launching Chrome Browser
2022-05-20 16:05:255 INFO  HomePage :32 - Clicking on Buy+Sell tab [[ChromeDriver: chrome on WINDOWS (0a452510fe90bba5fcefc84cb8b1b978)] -> xpath: //a[contains(text(),'buy + sell')]]
2022-05-20 16:05:344 INFO  HomePage :36 - Clicking on SearchCars link[[ChromeDriver: chrome on WINDOWS (0a452510fe90bba5fcefc84cb8b1b978)] -> xpath: //a[contains(text(),'Search Cars')]]
2022-05-20 16:05:898 INFO  NewAndUsedCarSearchPage :45 - Verifying New Page Message [[ChromeDriver: chrome on WINDOWS (0a452510fe90bba5fcefc84cb8b1b978)] -> xpath: //div[@class='heading main-heading item-ad-wrapper ']/h1]
2022-05-20 16:05:70 INFO  NewAndUsedCarSearchPage :51 - Selecting choice of car make [[ChromeDriver: chrome on WINDOWS (0a452510fe90bba5fcefc84cb8b1b978)] -> xpath: //select[@id='makes']]
2022-05-20 16:05:140 INFO  NewAndUsedCarSearchPage :57 - Selecting Model Of Car [[ChromeDriver: chrome on WINDOWS (0a452510fe90bba5fcefc84cb8b1b978)] -> xpath: //select[@id='models']]
2022-05-20 16:05:211 INFO  NewAndUsedCarSearchPage :62 - Selecting Location Of Car [[ChromeDriver: chrome on WINDOWS (0a452510fe90bba5fcefc84cb8b1b978)] -> xpath: //select[@id='locations']]
2022-05-20 16:05:295 INFO  NewAndUsedCarSearchPage :68 - Selecting Price Of Car [[ChromeDriver: chrome on WINDOWS (0a452510fe90bba5fcefc84cb8b1b978)] -> xpath: //select[@id='priceTo']]
2022-05-20 16:05:05 INFO  NewAndUsedCarSearchPage :74 - Checking If Searched Criteria Matches[[ChromeDriver: chrome on WINDOWS (0a452510fe90bba5fcefc84cb8b1b978)] -> id: search-submit]
2022-05-20 16:05:722 INFO  ManageDriver :32 - Launching Chrome Browser
2022-05-20 16:05:144 INFO  HomePage :32 - Clicking on Buy+Sell tab [[ChromeDriver: chrome on WINDOWS (e62733bce9d69fd6e5c8e97d87e7a9c8)] -> xpath: //a[contains(text(),'buy + sell')]]
2022-05-20 16:05:247 INFO  HomePage :36 - Clicking on SearchCars link[[ChromeDriver: chrome on WINDOWS (e62733bce9d69fd6e5c8e97d87e7a9c8)] -> xpath: //a[contains(text(),'Search Cars')]]
2022-05-20 16:05:820 INFO  NewAndUsedCarSearchPage :45 - Verifying New Page Message [[ChromeDriver: chrome on WINDOWS (e62733bce9d69fd6e5c8e97d87e7a9c8)] -> xpath: //div[@class='heading main-heading item-ad-wrapper ']/h1]
2022-05-20 16:05:893 INFO  NewAndUsedCarSearchPage :51 - Selecting choice of car make [[ChromeDriver: chrome on WINDOWS (e62733bce9d69fd6e5c8e97d87e7a9c8)] -> xpath: //select[@id='makes']]
2022-05-20 16:05:975 INFO  NewAndUsedCarSearchPage :57 - Selecting Model Of Car [[ChromeDriver: chrome on WINDOWS (e62733bce9d69fd6e5c8e97d87e7a9c8)] -> xpath: //select[@id='models']]
2022-05-20 16:05:23 INFO  NewAndUsedCarSearchPage :62 - Selecting Location Of Car [[ChromeDriver: chrome on WINDOWS (e62733bce9d69fd6e5c8e97d87e7a9c8)] -> xpath: //select[@id='locations']]
2022-05-20 16:05:84 INFO  NewAndUsedCarSearchPage :68 - Selecting Price Of Car [[ChromeDriver: chrome on WINDOWS (e62733bce9d69fd6e5c8e97d87e7a9c8)] -> xpath: //select[@id='priceTo']]
2022-05-20 16:05:778 INFO  NewAndUsedCarSearchPage :74 - Checking If Searched Criteria Matches[[ChromeDriver: chrome on WINDOWS (e62733bce9d69fd6e5c8e97d87e7a9c8)] -> id: search-submit]
2022-05-20 16:05:447 INFO  ManageDriver :32 - Launching Chrome Browser
2022-05-20 16:05:884 INFO  HomePage :32 - Clicking on Buy+Sell tab [[ChromeDriver: chrome on WINDOWS (122a081b652bf75f9b1df8deae6bf3bb)] -> xpath: //a[contains(text(),'buy + sell')]]
2022-05-20 16:05:959 INFO  HomePage :36 - Clicking on SearchCars link[[ChromeDriver: chrome on WINDOWS (122a081b652bf75f9b1df8deae6bf3bb)] -> xpath: //a[contains(text(),'Search Cars')]]
2022-05-20 16:05:395 INFO  NewAndUsedCarSearchPage :45 - Verifying New Page Message [[ChromeDriver: chrome on WINDOWS (122a081b652bf75f9b1df8deae6bf3bb)] -> xpath: //div[@class='heading main-heading item-ad-wrapper ']/h1]
2022-05-20 16:05:876 INFO  NewAndUsedCarSearchPage :51 - Selecting choice of car make [[ChromeDriver: chrome on WINDOWS (122a081b652bf75f9b1df8deae6bf3bb)] -> xpath: //select[@id='makes']]
2022-05-20 16:05:45 INFO  ManageDriver :32 - Launching Chrome Browser
2022-05-20 16:05:96 INFO  HomePage :32 - Clicking on Buy+Sell tab [[ChromeDriver: chrome on WINDOWS (7874974e68e99d941ca2980243900713)] -> xpath: //a[contains(text(),'buy + sell')]]
2022-05-20 16:05:188 INFO  HomePage :36 - Clicking on SearchCars link[[ChromeDriver: chrome on WINDOWS (7874974e68e99d941ca2980243900713)] -> xpath: //a[contains(text(),'Search Cars')]]
2022-05-20 16:05:251 INFO  NewAndUsedCarSearchPage :45 - Verifying New Page Message [[ChromeDriver: chrome on WINDOWS (7874974e68e99d941ca2980243900713)] -> xpath: //div[@class='heading main-heading item-ad-wrapper ']/h1]
2022-05-20 16:05:325 INFO  NewAndUsedCarSearchPage :51 - Selecting choice of car make [[ChromeDriver: chrome on WINDOWS (7874974e68e99d941ca2980243900713)] -> xpath: //select[@id='makes']]
2022-05-20 16:05:329 INFO  ManageDriver :32 - Launching Chrome Browser
2022-05-20 16:05:455 INFO  HomePage :32 - Clicking on Buy+Sell tab [[ChromeDriver: chrome on WINDOWS (02cae7e6df0c6ea86eeb120214e10352)] -> xpath: //a[contains(text(),'buy + sell')]]
2022-05-20 16:05:544 INFO  HomePage :36 - Clicking on SearchCars link[[ChromeDriver: chrome on WINDOWS (02cae7e6df0c6ea86eeb120214e10352)] -> xpath: //a[contains(text(),'Search Cars')]]
2022-05-20 16:05:744 INFO  NewAndUsedCarSearchPage :45 - Verifying New Page Message [[ChromeDriver: chrome on WINDOWS (02cae7e6df0c6ea86eeb120214e10352)] -> xpath: //div[@class='heading main-heading item-ad-wrapper ']/h1]
2022-05-20 16:05:888 INFO  NewAndUsedCarSearchPage :51 - Selecting choice of car make [[ChromeDriver: chrome on WINDOWS (02cae7e6df0c6ea86eeb120214e10352)] -> xpath: //select[@id='makes']]
2022-05-20 16:05:334 INFO  NewAndUsedCarSearchPage :57 - Selecting Model Of Car [[ChromeDriver: chrome on WINDOWS (02cae7e6df0c6ea86eeb120214e10352)] -> xpath: //select[@id='models']]
2022-05-20 16:05:390 INFO  NewAndUsedCarSearchPage :62 - Selecting Location Of Car [[ChromeDriver: chrome on WINDOWS (02cae7e6df0c6ea86eeb120214e10352)] -> xpath: //select[@id='locations']]
2022-05-20 16:05:451 INFO  NewAndUsedCarSearchPage :68 - Selecting Price Of Car [[ChromeDriver: chrome on WINDOWS (02cae7e6df0c6ea86eeb120214e10352)] -> xpath: //select[@id='priceTo']]
2022-05-20 16:05:201 INFO  NewAndUsedCarSearchPage :74 - Checking If Searched Criteria Matches[[ChromeDriver: chrome on WINDOWS (02cae7e6df0c6ea86eeb120214e10352)] -> id: search-submit]
2022-05-20 16:05:867 INFO  ManageDriver :32 - Launching Chrome Browser
2022-05-20 16:05:976 INFO  HomePage :32 - Clicking on Buy+Sell tab [[ChromeDriver: chrome on WINDOWS (edcd229c520f20add905b9dfd53f5e05)] -> xpath: //a[contains(text(),'buy + sell')]]
2022-05-20 16:05:368 INFO  HomePage :36 - Clicking on SearchCars link[[ChromeDriver: chrome on WINDOWS (edcd229c520f20add905b9dfd53f5e05)] -> xpath: //a[contains(text(),'Search Cars')]]
2022-05-20 16:05:416 INFO  NewAndUsedCarSearchPage :45 - Verifying New Page Message [[ChromeDriver: chrome on WINDOWS (edcd229c520f20add905b9dfd53f5e05)] -> xpath: //div[@class='heading main-heading item-ad-wrapper ']/h1]
2022-05-20 16:05:552 INFO  NewAndUsedCarSearchPage :51 - Selecting choice of car make [[ChromeDriver: chrome on WINDOWS (edcd229c520f20add905b9dfd53f5e05)] -> xpath: //select[@id='makes']]
2022-05-20 16:05:623 INFO  NewAndUsedCarSearchPage :57 - Selecting Model Of Car [[ChromeDriver: chrome on WINDOWS (edcd229c520f20add905b9dfd53f5e05)] -> xpath: //select[@id='models']]
2022-05-20 16:05:684 INFO  NewAndUsedCarSearchPage :62 - Selecting Location Of Car [[ChromeDriver: chrome on WINDOWS (edcd229c520f20add905b9dfd53f5e05)] -> xpath: //select[@id='locations']]
2022-05-20 16:05:725 INFO  NewAndUsedCarSearchPage :68 - Selecting Price Of Car [[ChromeDriver: chrome on WINDOWS (edcd229c520f20add905b9dfd53f5e05)] -> xpath: //select[@id='priceTo']]
2022-05-20 16:05:777 INFO  NewAndUsedCarSearchPage :74 - Checking If Searched Criteria Matches[[ChromeDriver: chrome on WINDOWS (edcd229c520f20add905b9dfd53f5e05)] -> id: search-submit]
2022-05-20 16:05:456 INFO  ManageDriver :32 - Launching Chrome Browser
2022-05-20 16:05:692 INFO  HomePage :32 - Clicking on Buy+Sell tab [[ChromeDriver: chrome on WINDOWS (7f98fcd202e60bd030c3a8936c6afe1a)] -> xpath: //a[contains(text(),'buy + sell')]]
2022-05-20 16:05:268 INFO  HomePage :40 - Clicking On Used Link[[ChromeDriver: chrome on WINDOWS (7f98fcd202e60bd030c3a8936c6afe1a)] -> link text: Used]
2022-05-20 16:05:406 INFO  UsedCarsForSalePage :46 - Selecting choice of car make [[ChromeDriver: chrome on WINDOWS (7f98fcd202e60bd030c3a8936c6afe1a)] -> xpath: //select[@id='makes']]
2022-05-20 16:05:617 INFO  UsedCarsForSalePage :51 - Selecting Model Of Car [[ChromeDriver: chrome on WINDOWS (7f98fcd202e60bd030c3a8936c6afe1a)] -> xpath: //select[@id='models']]
2022-05-20 16:05:657 INFO  UsedCarsForSalePage :56 - Selecting Location Of Car [[ChromeDriver: chrome on WINDOWS (7f98fcd202e60bd030c3a8936c6afe1a)] -> xpath: //select[@id='locations']]
2022-05-20 16:05:745 INFO  UsedCarsForSalePage :61 - Selecting Price Of Car [[ChromeDriver: chrome on WINDOWS (7f98fcd202e60bd030c3a8936c6afe1a)] -> xpath: //select[@id='priceTo']]
2022-05-20 16:05:563 INFO  UsedCarsForSalePage :66 - Checking If Searched Criteria Matches[[ChromeDriver: chrome on WINDOWS (7f98fcd202e60bd030c3a8936c6afe1a)] -> id: search-submit]
2022-05-20 16:05:236 INFO  ManageDriver :32 - Launching Chrome Browser
2022-05-20 16:05:100 INFO  HomePage :32 - Clicking on Buy+Sell tab [[ChromeDriver: chrome on WINDOWS (360976bf10bdc18ddaeb0c43092e44a7)] -> xpath: //a[contains(text(),'buy + sell')]]
2022-05-20 16:05:370 INFO  HomePage :40 - Clicking On Used Link[[ChromeDriver: chrome on WINDOWS (360976bf10bdc18ddaeb0c43092e44a7)] -> link text: Used]
2022-05-20 16:05:524 INFO  UsedCarsForSalePage :46 - Selecting choice of car make [[ChromeDriver: chrome on WINDOWS (360976bf10bdc18ddaeb0c43092e44a7)] -> xpath: //select[@id='makes']]
2022-05-20 16:05:575 INFO  UsedCarsForSalePage :51 - Selecting Model Of Car [[ChromeDriver: chrome on WINDOWS (360976bf10bdc18ddaeb0c43092e44a7)] -> xpath: //select[@id='models']]
2022-05-20 16:05:625 INFO  UsedCarsForSalePage :56 - Selecting Location Of Car [[ChromeDriver: chrome on WINDOWS (360976bf10bdc18ddaeb0c43092e44a7)] -> xpath: //select[@id='locations']]
2022-05-20 16:05:683 INFO  UsedCarsForSalePage :61 - Selecting Price Of Car [[ChromeDriver: chrome on WINDOWS (360976bf10bdc18ddaeb0c43092e44a7)] -> xpath: //select[@id='priceTo']]
2022-05-20 16:05:962 INFO  UsedCarsForSalePage :66 - Checking If Searched Criteria Matches[[ChromeDriver: chrome on WINDOWS (360976bf10bdc18ddaeb0c43092e44a7)] -> id: search-submit]
2022-05-20 16:05:672 INFO  ManageDriver :32 - Launching Chrome Browser
2022-05-20 16:05:242 INFO  HomePage :32 - Clicking on Buy+Sell tab [[ChromeDriver: chrome on WINDOWS (ffa012d610149572ddfbcd1853644b4d)] -> xpath: //a[contains(text(),'buy + sell')]]
2022-05-20 16:05:330 INFO  HomePage :40 - Clicking On Used Link[[ChromeDriver: chrome on WINDOWS (ffa012d610149572ddfbcd1853644b4d)] -> link text: Used]
2022-05-20 16:05:872 INFO  UsedCarsForSalePage :46 - Selecting choice of car make [[ChromeDriver: chrome on WINDOWS (ffa012d610149572ddfbcd1853644b4d)] -> xpath: //select[@id='makes']]
2022-05-20 16:05:988 INFO  UsedCarsForSalePage :51 - Selecting Model Of Car [[ChromeDriver: chrome on WINDOWS (ffa012d610149572ddfbcd1853644b4d)] -> xpath: //select[@id='models']]
2022-05-20 16:05:44 INFO  UsedCarsForSalePage :56 - Selecting Location Of Car [[ChromeDriver: chrome on WINDOWS (ffa012d610149572ddfbcd1853644b4d)] -> xpath: //select[@id='locations']]
2022-05-20 16:05:109 INFO  UsedCarsForSalePage :61 - Selecting Price Of Car [[ChromeDriver: chrome on WINDOWS (ffa012d610149572ddfbcd1853644b4d)] -> xpath: //select[@id='priceTo']]
2022-05-20 16:05:164 INFO  UsedCarsForSalePage :66 - Checking If Searched Criteria Matches[[ChromeDriver: chrome on WINDOWS (ffa012d610149572ddfbcd1853644b4d)] -> id: search-submit]
2022-05-20 16:05:836 INFO  ManageDriver :32 - Launching Chrome Browser
2022-05-20 16:05:549 INFO  HomePage :32 - Clicking on Buy+Sell tab [[ChromeDriver: chrome on WINDOWS (f6f20d3f03c34fae5cab236b29a22fab)] -> xpath: //a[contains(text(),'buy + sell')]]
2022-05-20 16:05:241 INFO  HomePage :40 - Clicking On Used Link[[ChromeDriver: chrome on WINDOWS (f6f20d3f03c34fae5cab236b29a22fab)] -> link text: Used]
2022-05-20 16:05:393 INFO  UsedCarsForSalePage :46 - Selecting choice of car make [[ChromeDriver: chrome on WINDOWS (f6f20d3f03c34fae5cab236b29a22fab)] -> xpath: //select[@id='makes']]
2022-05-20 16:05:501 INFO  UsedCarsForSalePage :51 - Selecting Model Of Car [[ChromeDriver: chrome on WINDOWS (f6f20d3f03c34fae5cab236b29a22fab)] -> xpath: //select[@id='models']]
2022-05-20 16:05:549 INFO  UsedCarsForSalePage :56 - Selecting Location Of Car [[ChromeDriver: chrome on WINDOWS (f6f20d3f03c34fae5cab236b29a22fab)] -> xpath: //select[@id='locations']]
2022-05-20 16:05:597 INFO  UsedCarsForSalePage :61 - Selecting Price Of Car [[ChromeDriver: chrome on WINDOWS (f6f20d3f03c34fae5cab236b29a22fab)] -> xpath: //select[@id='priceTo']]
2022-05-20 16:05:646 INFO  UsedCarsForSalePage :66 - Checking If Searched Criteria Matches[[ChromeDriver: chrome on WINDOWS (f6f20d3f03c34fae5cab236b29a22fab)] -> id: search-submit]
2022-05-20 16:05:350 INFO  ManageDriver :32 - Launching Chrome Browser
2022-05-20 16:05:522 INFO  HomePage :32 - Clicking on Buy+Sell tab [[ChromeDriver: chrome on WINDOWS (52301bff5903471b2737f176bdfc03ab)] -> xpath: //a[contains(text(),'buy + sell')]]
2022-05-20 16:05:612 INFO  HomePage :40 - Clicking On Used Link[[ChromeDriver: chrome on WINDOWS (52301bff5903471b2737f176bdfc03ab)] -> link text: Used]
2022-05-20 16:05:292 INFO  UsedCarsForSalePage :46 - Selecting choice of car make [[ChromeDriver: chrome on WINDOWS (52301bff5903471b2737f176bdfc03ab)] -> xpath: //select[@id='makes']]
2022-05-20 16:05:390 INFO  UsedCarsForSalePage :51 - Selecting Model Of Car [[ChromeDriver: chrome on WINDOWS (52301bff5903471b2737f176bdfc03ab)] -> xpath: //select[@id='models']]
2022-05-20 16:05:446 INFO  UsedCarsForSalePage :56 - Selecting Location Of Car [[ChromeDriver: chrome on WINDOWS (52301bff5903471b2737f176bdfc03ab)] -> xpath: //select[@id='locations']]
2022-05-20 16:05:511 INFO  UsedCarsForSalePage :61 - Selecting Price Of Car [[ChromeDriver: chrome on WINDOWS (52301bff5903471b2737f176bdfc03ab)] -> xpath: //select[@id='priceTo']]
2022-05-20 16:05:567 INFO  UsedCarsForSalePage :66 - Checking If Searched Criteria Matches[[ChromeDriver: chrome on WINDOWS (52301bff5903471b2737f176bdfc03ab)] -> id: search-submit]
2022-05-20 16:05:231 INFO  ManageDriver :32 - Launching Chrome Browser
2022-05-20 16:05:364 INFO  HomePage :32 - Clicking on Buy+Sell tab [[ChromeDriver: chrome on WINDOWS (9851707fde8e75d026c0aa26f883aeea)] -> xpath: //a[contains(text(),'buy + sell')]]
